<?xml version="1.0" encoding="UTF-8"?>
<testng-results ignored="0" total="25" passed="23" failed="2" skipped="0">
  <reporter-output>
  </reporter-output>
  <suite started-at="2023-10-05T17:37:17 IST" name="Default suite" finished-at="2023-10-05T17:40:01 IST" duration-ms="164137">
    <groups>
      <group name="cucumber">
        <method signature="AbstractTestNGCucumberTests.runScenario(io.cucumber.testng.PickleWrapper,io.cucumber.testng.FeatureWrapper)[pri:0, instance:com.Runner.RunnerClass$CucumberRunnerTests@c430e6c]" name="runScenario" class="io.cucumber.testng.AbstractTestNGCucumberTests"/>
      </group> <!-- cucumber -->
    </groups>
    <test started-at="2023-10-05T17:37:17 IST" name="Default test" finished-at="2023-10-05T17:40:01 IST" duration-ms="164137">
      <class name="com.Runner.RunnerClass$CucumberRunnerTests">
        <test-method is-config="true" signature="setUpClass(org.testng.ITestContext)[pri:0, instance:com.Runner.RunnerClass$CucumberRunnerTests@c430e6c]" started-at="2023-10-05T17:37:17 IST" name="setUpClass" finished-at="2023-10-05T17:37:18 IST" duration-ms="761" status="PASS">
          <params>
            <param index="0">
              <value>
                <![CDATA[org.testng.TestRunner@89ff043]]>
              </value>
            </param>
          </params>
          <reporter-output>
          </reporter-output>
        </test-method> <!-- setUpClass -->
        <test-method signature="runScenario(io.cucumber.testng.PickleWrapper,io.cucumber.testng.FeatureWrapper)[pri:0, instance:com.Runner.RunnerClass$CucumberRunnerTests@c430e6c]" started-at="2023-10-05T17:37:18 IST" name="runScenario" description="Runs Cucumber Scenarios" data-provider="scenarios" finished-at="2023-10-05T17:37:37 IST" duration-ms="18814" status="PASS">
          <params>
            <param index="0">
              <value>
                <![CDATA["User Validates the About Us feature"]]>
              </value>
            </param>
            <param index="1">
              <value>
                <![CDATA["Validating the Company Feature"]]>
              </value>
            </param>
          </params>
          <reporter-output>
          </reporter-output>
        </test-method> <!-- runScenario -->
        <test-method signature="runScenario(io.cucumber.testng.PickleWrapper,io.cucumber.testng.FeatureWrapper)[pri:0, instance:com.Runner.RunnerClass$CucumberRunnerTests@c430e6c]" started-at="2023-10-05T17:37:37 IST" name="runScenario" description="Runs Cucumber Scenarios" data-provider="scenarios" finished-at="2023-10-05T17:37:46 IST" duration-ms="9123" status="PASS">
          <params>
            <param index="0">
              <value>
                <![CDATA["User Should Fill the Details of Publisher Company"]]>
              </value>
            </param>
            <param index="1">
              <value>
                <![CDATA["Validating the Company Feature"]]>
              </value>
            </param>
          </params>
          <reporter-output>
          </reporter-output>
        </test-method> <!-- runScenario -->
        <test-method signature="runScenario(io.cucumber.testng.PickleWrapper,io.cucumber.testng.FeatureWrapper)[pri:0, instance:com.Runner.RunnerClass$CucumberRunnerTests@c430e6c]" started-at="2023-10-05T17:37:46 IST" name="runScenario" description="Runs Cucumber Scenarios" data-provider="scenarios" finished-at="2023-10-05T17:37:49 IST" duration-ms="3467" status="PASS">
          <params>
            <param index="0">
              <value>
                <![CDATA["User Should Fill the Detials in ContactUs Page"]]>
              </value>
            </param>
            <param index="1">
              <value>
                <![CDATA["Validating the Company Feature"]]>
              </value>
            </param>
          </params>
          <reporter-output>
          </reporter-output>
        </test-method> <!-- runScenario -->
        <test-method signature="runScenario(io.cucumber.testng.PickleWrapper,io.cucumber.testng.FeatureWrapper)[pri:0, instance:com.Runner.RunnerClass$CucumberRunnerTests@c430e6c]" started-at="2023-10-05T17:37:49 IST" name="runScenario" description="Runs Cucumber Scenarios" data-provider="scenarios" finished-at="2023-10-05T17:37:52 IST" duration-ms="2484" status="PASS">
          <params>
            <param index="0">
              <value>
                <![CDATA["User Should Validate the Privacy Policy"]]>
              </value>
            </param>
            <param index="1">
              <value>
                <![CDATA["Validating the Company Feature"]]>
              </value>
            </param>
          </params>
          <reporter-output>
          </reporter-output>
        </test-method> <!-- runScenario -->
        <test-method signature="runScenario(io.cucumber.testng.PickleWrapper,io.cucumber.testng.FeatureWrapper)[pri:0, instance:com.Runner.RunnerClass$CucumberRunnerTests@c430e6c]" started-at="2023-10-05T17:37:52 IST" name="runScenario" description="Runs Cucumber Scenarios" data-provider="scenarios" finished-at="2023-10-05T17:37:54 IST" duration-ms="2664" status="PASS">
          <params>
            <param index="0">
              <value>
                <![CDATA["User Should Validate the Disclaimer Page"]]>
              </value>
            </param>
            <param index="1">
              <value>
                <![CDATA["Validating the Company Feature"]]>
              </value>
            </param>
          </params>
          <reporter-output>
          </reporter-output>
        </test-method> <!-- runScenario -->
        <test-method signature="runScenario(io.cucumber.testng.PickleWrapper,io.cucumber.testng.FeatureWrapper)[pri:0, instance:com.Runner.RunnerClass$CucumberRunnerTests@c430e6c]" started-at="2023-10-05T17:37:54 IST" name="runScenario" description="Runs Cucumber Scenarios" data-provider="scenarios" finished-at="2023-10-05T17:37:59 IST" duration-ms="4753" status="FAIL">
          <params>
            <param index="0">
              <value>
                <![CDATA["False Login"]]>
              </value>
            </param>
            <param index="1">
              <value>
                <![CDATA["Login Using Mobile number and otp"]]>
              </value>
            </param>
          </params>
          <exception class="junit.framework.ComparisonFailure">
            <message>
              <![CDATA[expected:<Invalid OTP> but was:<Account Information>]]>
            </message>
            <full-stacktrace>
              <![CDATA[junit.framework.ComparisonFailure: expected:<Invalid OTP> but was:<Account Information>
at junit.framework.Assert.assertEquals(Assert.java:81)
at junit.framework.Assert.assertEquals(Assert.java:87)
at com.StepDefinition.LoginPageDefination.validate_the_user_login(LoginPageDefination.java:50)
at ✽.Validate the User Login(file:///C:/Users/shupatil/eclipse-workspace/BuyBooksIndia/src/test/resources/FeatureFile/Login.feature:8)
]]>
            </full-stacktrace>
          </exception> <!-- junit.framework.ComparisonFailure -->
          <reporter-output>
          </reporter-output>
        </test-method> <!-- runScenario -->
        <test-method signature="runScenario(io.cucumber.testng.PickleWrapper,io.cucumber.testng.FeatureWrapper)[pri:0, instance:com.Runner.RunnerClass$CucumberRunnerTests@c430e6c]" started-at="2023-10-05T17:37:59 IST" name="runScenario" description="Runs Cucumber Scenarios" data-provider="scenarios" finished-at="2023-10-05T17:38:03 IST" duration-ms="3877" status="PASS">
          <params>
            <param index="0">
              <value>
                <![CDATA["User Login"]]>
              </value>
            </param>
            <param index="1">
              <value>
                <![CDATA["Login Using Mobile number and otp"]]>
              </value>
            </param>
          </params>
          <reporter-output>
          </reporter-output>
        </test-method> <!-- runScenario -->
        <test-method signature="runScenario(io.cucumber.testng.PickleWrapper,io.cucumber.testng.FeatureWrapper)[pri:0, instance:com.Runner.RunnerClass$CucumberRunnerTests@c430e6c]" started-at="2023-10-05T17:38:03 IST" name="runScenario" description="Runs Cucumber Scenarios" data-provider="scenarios" finished-at="2023-10-05T17:38:05 IST" duration-ms="1682" status="PASS">
          <params>
            <param index="0">
              <value>
                <![CDATA["Update Account Information"]]>
              </value>
            </param>
            <param index="1">
              <value>
                <![CDATA["Login Using Mobile number and otp"]]>
              </value>
            </param>
          </params>
          <reporter-output>
          </reporter-output>
        </test-method> <!-- runScenario -->
        <test-method signature="runScenario(io.cucumber.testng.PickleWrapper,io.cucumber.testng.FeatureWrapper)[pri:0, instance:com.Runner.RunnerClass$CucumberRunnerTests@c430e6c]" started-at="2023-10-05T17:38:05 IST" name="runScenario" description="Runs Cucumber Scenarios" data-provider="scenarios" finished-at="2023-10-05T17:38:08 IST" duration-ms="3084" status="PASS">
          <params>
            <param index="0">
              <value>
                <![CDATA["Manage Address"]]>
              </value>
            </param>
            <param index="1">
              <value>
                <![CDATA["Login Using Mobile number and otp"]]>
              </value>
            </param>
          </params>
          <reporter-output>
          </reporter-output>
        </test-method> <!-- runScenario -->
        <test-method signature="runScenario(io.cucumber.testng.PickleWrapper,io.cucumber.testng.FeatureWrapper)[pri:0, instance:com.Runner.RunnerClass$CucumberRunnerTests@c430e6c]" started-at="2023-10-05T17:38:08 IST" name="runScenario" description="Runs Cucumber Scenarios" data-provider="scenarios" finished-at="2023-10-05T17:38:13 IST" duration-ms="5760" status="PASS">
          <params>
            <param index="0">
              <value>
                <![CDATA["User able to sort books for class6"]]>
              </value>
            </param>
            <param index="1">
              <value>
                <![CDATA["Navigate to School Education"]]>
              </value>
            </param>
          </params>
          <reporter-output>
          </reporter-output>
        </test-method> <!-- runScenario -->
        <test-method signature="runScenario(io.cucumber.testng.PickleWrapper,io.cucumber.testng.FeatureWrapper)[pri:0, instance:com.Runner.RunnerClass$CucumberRunnerTests@c430e6c]" started-at="2023-10-05T17:38:13 IST" name="runScenario" description="Runs Cucumber Scenarios" data-provider="scenarios" finished-at="2023-10-05T17:38:21 IST" duration-ms="7149" status="PASS">
          <params>
            <param index="0">
              <value>
                <![CDATA["User able to sort books and print price of books for class10"]]>
              </value>
            </param>
            <param index="1">
              <value>
                <![CDATA["Navigate to School Education"]]>
              </value>
            </param>
          </params>
          <reporter-output>
          </reporter-output>
        </test-method> <!-- runScenario -->
        <test-method signature="runScenario(io.cucumber.testng.PickleWrapper,io.cucumber.testng.FeatureWrapper)[pri:0, instance:com.Runner.RunnerClass$CucumberRunnerTests@c430e6c]" started-at="2023-10-05T17:38:21 IST" name="runScenario" description="Runs Cucumber Scenarios" data-provider="scenarios" finished-at="2023-10-05T17:38:26 IST" duration-ms="5627" status="PASS">
          <params>
            <param index="0">
              <value>
                <![CDATA["User able to sort books based on discount for CBSE Board"]]>
              </value>
            </param>
            <param index="1">
              <value>
                <![CDATA["Navigate to School Education"]]>
              </value>
            </param>
          </params>
          <reporter-output>
          </reporter-output>
        </test-method> <!-- runScenario -->
        <test-method signature="runScenario(io.cucumber.testng.PickleWrapper,io.cucumber.testng.FeatureWrapper)[pri:0, instance:com.Runner.RunnerClass$CucumberRunnerTests@c430e6c]" started-at="2023-10-05T17:38:26 IST" name="runScenario" description="Runs Cucumber Scenarios" data-provider="scenarios" finished-at="2023-10-05T17:38:33 IST" duration-ms="6371" status="PASS">
          <params>
            <param index="0">
              <value>
                <![CDATA["User able to sort books based on discount for CBSE Board"]]>
              </value>
            </param>
            <param index="1">
              <value>
                <![CDATA["Navigate to School Education"]]>
              </value>
            </param>
          </params>
          <reporter-output>
          </reporter-output>
        </test-method> <!-- runScenario -->
        <test-method signature="runScenario(io.cucumber.testng.PickleWrapper,io.cucumber.testng.FeatureWrapper)[pri:0, instance:com.Runner.RunnerClass$CucumberRunnerTests@c430e6c]" started-at="2023-10-05T17:38:33 IST" name="runScenario" description="Runs Cucumber Scenarios" data-provider="scenarios" finished-at="2023-10-05T17:38:36 IST" duration-ms="3147" status="PASS">
          <params>
            <param index="0">
              <value>
                <![CDATA["Validates Search Bar"]]>
              </value>
            </param>
            <param index="1">
              <value>
                <![CDATA["Validating search bar"]]>
              </value>
            </param>
          </params>
          <reporter-output>
          </reporter-output>
        </test-method> <!-- runScenario -->
        <test-method signature="runScenario(io.cucumber.testng.PickleWrapper,io.cucumber.testng.FeatureWrapper)[pri:0, instance:com.Runner.RunnerClass$CucumberRunnerTests@c430e6c]" started-at="2023-10-05T17:38:36 IST" name="runScenario" description="Runs Cucumber Scenarios" data-provider="scenarios" finished-at="2023-10-05T17:38:38 IST" duration-ms="2398" status="PASS">
          <params>
            <param index="0">
              <value>
                <![CDATA["Validates Search Bar"]]>
              </value>
            </param>
            <param index="1">
              <value>
                <![CDATA["Validating search bar"]]>
              </value>
            </param>
          </params>
          <reporter-output>
          </reporter-output>
        </test-method> <!-- runScenario -->
        <test-method signature="runScenario(io.cucumber.testng.PickleWrapper,io.cucumber.testng.FeatureWrapper)[pri:0, instance:com.Runner.RunnerClass$CucumberRunnerTests@c430e6c]" started-at="2023-10-05T17:38:38 IST" name="runScenario" description="Runs Cucumber Scenarios" data-provider="scenarios" finished-at="2023-10-05T17:38:45 IST" duration-ms="6964" status="PASS">
          <params>
            <param index="0">
              <value>
                <![CDATA["Validates Search Bar"]]>
              </value>
            </param>
            <param index="1">
              <value>
                <![CDATA["Validating search bar"]]>
              </value>
            </param>
          </params>
          <reporter-output>
          </reporter-output>
        </test-method> <!-- runScenario -->
        <test-method signature="runScenario(io.cucumber.testng.PickleWrapper,io.cucumber.testng.FeatureWrapper)[pri:0, instance:com.Runner.RunnerClass$CucumberRunnerTests@c430e6c]" started-at="2023-10-05T17:38:45 IST" name="runScenario" description="Runs Cucumber Scenarios" data-provider="scenarios" finished-at="2023-10-05T17:38:52 IST" duration-ms="6541" status="PASS">
          <params>
            <param index="0">
              <value>
                <![CDATA["User Validates the Terms and condition feature"]]>
              </value>
            </param>
            <param index="1">
              <value>
                <![CDATA["Validating the Support section"]]>
              </value>
            </param>
          </params>
          <reporter-output>
          </reporter-output>
        </test-method> <!-- runScenario -->
        <test-method signature="runScenario(io.cucumber.testng.PickleWrapper,io.cucumber.testng.FeatureWrapper)[pri:0, instance:com.Runner.RunnerClass$CucumberRunnerTests@c430e6c]" started-at="2023-10-05T17:38:52 IST" name="runScenario" description="Runs Cucumber Scenarios" data-provider="scenarios" finished-at="2023-10-05T17:38:55 IST" duration-ms="3652" status="PASS">
          <params>
            <param index="0">
              <value>
                <![CDATA["User Validates How to Order feature"]]>
              </value>
            </param>
            <param index="1">
              <value>
                <![CDATA["Validating the Support section"]]>
              </value>
            </param>
          </params>
          <reporter-output>
          </reporter-output>
        </test-method> <!-- runScenario -->
        <test-method signature="runScenario(io.cucumber.testng.PickleWrapper,io.cucumber.testng.FeatureWrapper)[pri:0, instance:com.Runner.RunnerClass$CucumberRunnerTests@c430e6c]" started-at="2023-10-05T17:38:55 IST" name="runScenario" description="Runs Cucumber Scenarios" data-provider="scenarios" finished-at="2023-10-05T17:38:58 IST" duration-ms="2655" status="PASS">
          <params>
            <param index="0">
              <value>
                <![CDATA["User Validates ShippingandDelivery feature"]]>
              </value>
            </param>
            <param index="1">
              <value>
                <![CDATA["Validating the Support section"]]>
              </value>
            </param>
          </params>
          <reporter-output>
          </reporter-output>
        </test-method> <!-- runScenario -->
        <test-method signature="runScenario(io.cucumber.testng.PickleWrapper,io.cucumber.testng.FeatureWrapper)[pri:0, instance:com.Runner.RunnerClass$CucumberRunnerTests@c430e6c]" started-at="2023-10-05T17:38:58 IST" name="runScenario" description="Runs Cucumber Scenarios" data-provider="scenarios" finished-at="2023-10-05T17:39:01 IST" duration-ms="2561" status="PASS">
          <params>
            <param index="0">
              <value>
                <![CDATA["User Validates ReturnPolicy feature"]]>
              </value>
            </param>
            <param index="1">
              <value>
                <![CDATA["Validating the Support section"]]>
              </value>
            </param>
          </params>
          <reporter-output>
          </reporter-output>
        </test-method> <!-- runScenario -->
        <test-method signature="runScenario(io.cucumber.testng.PickleWrapper,io.cucumber.testng.FeatureWrapper)[pri:0, instance:com.Runner.RunnerClass$CucumberRunnerTests@c430e6c]" started-at="2023-10-05T17:39:01 IST" name="runScenario" description="Runs Cucumber Scenarios" data-provider="scenarios" finished-at="2023-10-05T17:39:10 IST" duration-ms="9289" status="PASS">
          <params>
            <param index="0">
              <value>
                <![CDATA["Browsing Drawing and Coloring Books"]]>
              </value>
            </param>
            <param index="1">
              <value>
                <![CDATA["Children and Young Adults Section on webpage"]]>
              </value>
            </param>
          </params>
          <reporter-output>
          </reporter-output>
        </test-method> <!-- runScenario -->
        <test-method signature="runScenario(io.cucumber.testng.PickleWrapper,io.cucumber.testng.FeatureWrapper)[pri:0, instance:com.Runner.RunnerClass$CucumberRunnerTests@c430e6c]" started-at="2023-10-05T17:39:10 IST" name="runScenario" description="Runs Cucumber Scenarios" data-provider="scenarios" finished-at="2023-10-05T17:39:15 IST" duration-ms="5319" status="PASS">
          <params>
            <param index="0">
              <value>
                <![CDATA["Browsing Essays and Letters"]]>
              </value>
            </param>
            <param index="1">
              <value>
                <![CDATA["Children and Young Adults Section on webpage"]]>
              </value>
            </param>
          </params>
          <reporter-output>
          </reporter-output>
        </test-method> <!-- runScenario -->
        <test-method signature="runScenario(io.cucumber.testng.PickleWrapper,io.cucumber.testng.FeatureWrapper)[pri:0, instance:com.Runner.RunnerClass$CucumberRunnerTests@c430e6c]" started-at="2023-10-05T17:39:15 IST" name="runScenario" description="Runs Cucumber Scenarios" data-provider="scenarios" finished-at="2023-10-05T17:39:25 IST" duration-ms="9431" status="FAIL">
          <params>
            <param index="0">
              <value>
                <![CDATA["Browsing Poems and  Rhymes"]]>
              </value>
            </param>
            <param index="1">
              <value>
                <![CDATA["Children and Young Adults Section on webpage"]]>
              </value>
            </param>
          </params>
          <exception class="org.openqa.selenium.ElementClickInterceptedException">
            <message>
              <![CDATA[element click intercepted: Element <a product-id="82820" id="cartadd" class="add-to-carta" href="javascript:void(0);" title="...">Add to cart</a> is not clickable at point (655, 470). Other element would receive the click: <div id="bbiproimgresult" class="img-zoom-result" style="background-image: url(&quot;https://buybooksindia.s3.amazonaws.com/2023/products/9781407597447-1679381107.jpg&quot;); background-size: 836.853px 836.853px;"></div>
  (Session info: chrome=117.0.5938.134)
Build info: version: '4.12.1', revision: '8e34639b11'
System info: os.name: 'Windows 10', os.arch: 'amd64', os.version: '10.0', java.version: '17.0.7'
Driver info: org.openqa.selenium.chrome.ChromeDriver
Command: [0d6daa9feea19046c932537091c3bcc5, clickElement {id=051C294CFD26D3A1DD24D5F882048F09_element_1101}]
Capabilities {acceptInsecureCerts: false, browserName: chrome, browserVersion: 117.0.5938.134, chrome: {chromedriverVersion: 117.0.5938.149 (e3344ddefa1..., userDataDir: C:\Users\shupatil\AppData\L...}, fedcm:accounts: true, goog:chromeOptions: {debuggerAddress: localhost:55301}, networkConnectionEnabled: false, pageLoadStrategy: normal, platformName: windows, proxy: Proxy(), se:cdp: ws://localhost:55301/devtoo..., se:cdpVersion: 117.0.5938.134, setWindowRect: true, strictFileInteractability: false, timeouts: {implicit: 0, pageLoad: 300000, script: 30000}, unhandledPromptBehavior: dismiss and notify, webauthn:extension:credBlob: true, webauthn:extension:largeBlob: true, webauthn:extension:minPinLength: true, webauthn:extension:prf: true, webauthn:virtualAuthenticators: true}
Element: [[ChromeDriver: chrome on windows (0d6daa9feea19046c932537091c3bcc5)] -> id: cartadd]
Session ID: 0d6daa9feea19046c932537091c3bcc5]]>
            </message>
            <full-stacktrace>
              <![CDATA[org.openqa.selenium.ElementClickInterceptedException: element click intercepted: Element <a product-id="82820" id="cartadd" class="add-to-carta" href="javascript:void(0);" title="...">Add to cart</a> is not clickable at point (655, 470). Other element would receive the click: <div id="bbiproimgresult" class="img-zoom-result" style="background-image: url(&quot;https://buybooksindia.s3.amazonaws.com/2023/products/9781407597447-1679381107.jpg&quot;); background-size: 836.853px 836.853px;"></div>
  (Session info: chrome=117.0.5938.134)
Build info: version: '4.12.1', revision: '8e34639b11'
System info: os.name: 'Windows 10', os.arch: 'amd64', os.version: '10.0', java.version: '17.0.7'
Driver info: org.openqa.selenium.chrome.ChromeDriver
Command: [0d6daa9feea19046c932537091c3bcc5, clickElement {id=051C294CFD26D3A1DD24D5F882048F09_element_1101}]
Capabilities {acceptInsecureCerts: false, browserName: chrome, browserVersion: 117.0.5938.134, chrome: {chromedriverVersion: 117.0.5938.149 (e3344ddefa1..., userDataDir: C:\Users\shupatil\AppData\L...}, fedcm:accounts: true, goog:chromeOptions: {debuggerAddress: localhost:55301}, networkConnectionEnabled: false, pageLoadStrategy: normal, platformName: windows, proxy: Proxy(), se:cdp: ws://localhost:55301/devtoo..., se:cdpVersion: 117.0.5938.134, setWindowRect: true, strictFileInteractability: false, timeouts: {implicit: 0, pageLoad: 300000, script: 30000}, unhandledPromptBehavior: dismiss and notify, webauthn:extension:credBlob: true, webauthn:extension:largeBlob: true, webauthn:extension:minPinLength: true, webauthn:extension:prf: true, webauthn:virtualAuthenticators: true}
Element: [[ChromeDriver: chrome on windows (0d6daa9feea19046c932537091c3bcc5)] -> id: cartadd]
Session ID: 0d6daa9feea19046c932537091c3bcc5
at java.base/jdk.internal.reflect.NativeConstructorAccessorImpl.newInstance0(Native Method)
at java.base/jdk.internal.reflect.NativeConstructorAccessorImpl.newInstance(NativeConstructorAccessorImpl.java:77)
at java.base/jdk.internal.reflect.DelegatingConstructorAccessorImpl.newInstance(DelegatingConstructorAccessorImpl.java:45)
at java.base/java.lang.reflect.Constructor.newInstanceWithCaller(Constructor.java:499)
at java.base/java.lang.reflect.Constructor.newInstance(Constructor.java:480)
at org.openqa.selenium.remote.codec.w3c.W3CHttpResponseCodec.createException(W3CHttpResponseCodec.java:200)
at org.openqa.selenium.remote.codec.w3c.W3CHttpResponseCodec.decode(W3CHttpResponseCodec.java:133)
at org.openqa.selenium.remote.codec.w3c.W3CHttpResponseCodec.decode(W3CHttpResponseCodec.java:52)
at org.openqa.selenium.remote.HttpCommandExecutor.execute(HttpCommandExecutor.java:191)
at org.openqa.selenium.remote.service.DriverCommandExecutor.invokeExecute(DriverCommandExecutor.java:196)
at org.openqa.selenium.remote.service.DriverCommandExecutor.execute(DriverCommandExecutor.java:171)
at org.openqa.selenium.remote.RemoteWebDriver.execute(RemoteWebDriver.java:602)
at org.openqa.selenium.remote.RemoteWebElement.execute(RemoteWebElement.java:224)
at org.openqa.selenium.remote.RemoteWebElement.click(RemoteWebElement.java:77)
at jdk.internal.reflect.GeneratedMethodAccessor4.invoke(Unknown Source)
at java.base/jdk.internal.reflect.DelegatingMethodAccessorImpl.invoke(DelegatingMethodAccessorImpl.java:43)
at java.base/java.lang.reflect.Method.invoke(Method.java:568)
at org.openqa.selenium.support.pagefactory.internal.LocatingElementHandler.invoke(LocatingElementHandler.java:51)
at jdk.proxy2/jdk.proxy2.$Proxy42.click(Unknown Source)
at com.Actions.ChildrenActions.addtoCartPoemsRhymes(ChildrenActions.java:94)
at com.StepDefinition.ChildrenPageDefinition.add_to_cart_poem(ChildrenPageDefinition.java:95)
at ✽.add to cart poem(file:///C:/Users/shupatil/eclipse-workspace/BuyBooksIndia/src/test/resources/FeatureFile/children.feature:27)
]]>
            </full-stacktrace>
          </exception> <!-- org.openqa.selenium.ElementClickInterceptedException -->
          <reporter-output>
          </reporter-output>
        </test-method> <!-- runScenario -->
        <test-method signature="runScenario(io.cucumber.testng.PickleWrapper,io.cucumber.testng.FeatureWrapper)[pri:0, instance:com.Runner.RunnerClass$CucumberRunnerTests@c430e6c]" started-at="2023-10-05T17:39:25 IST" name="runScenario" description="Runs Cucumber Scenarios" data-provider="scenarios" finished-at="2023-10-05T17:39:28 IST" duration-ms="3933" status="PASS">
          <params>
            <param index="0">
              <value>
                <![CDATA["Validating Cart and Deleting Item in Cart"]]>
              </value>
            </param>
            <param index="1">
              <value>
                <![CDATA["Children and Young Adults Section on webpage"]]>
              </value>
            </param>
          </params>
          <reporter-output>
          </reporter-output>
        </test-method> <!-- runScenario -->
        <test-method signature="runScenario(io.cucumber.testng.PickleWrapper,io.cucumber.testng.FeatureWrapper)[pri:0, instance:com.Runner.RunnerClass$CucumberRunnerTests@c430e6c]" started-at="2023-10-05T17:39:28 IST" name="runScenario" description="Runs Cucumber Scenarios" data-provider="scenarios" finished-at="2023-10-05T17:39:42 IST" duration-ms="13569" status="PASS">
          <params>
            <param index="0">
              <value>
                <![CDATA["User validates the My wishlist"]]>
              </value>
            </param>
            <param index="1">
              <value>
                <![CDATA["Validating the wishlist"]]>
              </value>
            </param>
          </params>
          <reporter-output>
          </reporter-output>
        </test-method> <!-- runScenario -->
        <test-method is-config="true" signature="tearDownClass()[pri:0, instance:com.Runner.RunnerClass$CucumberRunnerTests@c430e6c]" started-at="2023-10-05T17:39:42 IST" name="tearDownClass" finished-at="2023-10-05T17:40:01 IST" duration-ms="18963" status="PASS">
          <reporter-output>
          </reporter-output>
        </test-method> <!-- tearDownClass -->
      </class> <!-- com.Runner.RunnerClass$CucumberRunnerTests -->
    </test> <!-- Default test -->
  </suite> <!-- Default suite -->
</testng-results>
