<?xml version="1.0" encoding="UTF-8"?>
<!-- Generated by org.testng.reporters.JUnitReportReporter -->
<testsuite hostname="L-INE-CYY4T93" failures="0" tests="1" name="com.Runner.RunnerClass$CucumberRunnerTests" time="29.180" errors="1" timestamp="2023-09-28T00:10:17 IST" skipped="0">
  <testcase classname="com.Runner.RunnerClass$CucumberRunnerTests" name="runScenario" time="29.180">
    <error message="Cannot invoke &quot;com.aventstack.extentreports.ExtentTest.log(com.aventstack.extentreports.Status, String)&quot; because &quot;this.test&quot; is null" type="java.lang.NullPointerException">
      <![CDATA[java.lang.NullPointerException: Cannot invoke "com.aventstack.extentreports.ExtentTest.log(com.aventstack.extentreports.Status, String)" because "this.test" is null
at com.Actions.SchoolEduAction.clickonNewest(SchoolEduAction.java:56)
at com.StepDefinition.SchoolEduDefinition.user_selects_newest_and_assert_text(SchoolEduDefinition.java:43)
at ✽.User Selects Newest and assert text(file:///C:/Users/sangadi/eclipse-workspace/BuyBooksIndia/src/test/resources/FeatureFile/School_Education.feature:9)
]]>
    </error>
  </testcase> <!-- runScenario -->
</testsuite> <!-- com.Runner.RunnerClass$CucumberRunnerTests -->
